android/app/build/intermediates/manifest_merge_blame_file/release/manifest-merger-blame-release-report.txt
1<?xml version="1.0" encoding="utf-8"?>
2<manifest xmlns:android="http://schemas.android.com/apk/res/android"
3    package="com.makfydriver"
4    android:versionCode="1"
5    android:versionName="1.0" >
6
7    <uses-sdk
8        android:minSdkVersion="21"
8-->src/main/AndroidManifest.xml
9        android:targetSdkVersion="33" />
9-->src/main/AndroidManifest.xml
10
11    <uses-permission android:name="android.permission.INTERNET" />
11-->src/main/AndroidManifest.xml:3:5-67
11-->src/main/AndroidManifest.xml:3:22-64
12    <!-- Define ACCESS_FINE_LOCATION if you will use enableHighAccuracy=true -->
13    <uses-permission android:name="android.permission.ACCESS_FINE_LOCATION" />
13-->src/main/AndroidManifest.xml:5:5-78
13-->src/main/AndroidManifest.xml:5:22-76
14    <uses-permission android:name="android.permission.VIBRATE" />
14-->src/main/AndroidManifest.xml:6:5-66
14-->src/main/AndroidManifest.xml:6:22-63
15    <uses-permission android:name="android.permission.RECEIVE_BOOT_COMPLETED" />
15-->src/main/AndroidManifest.xml:7:5-80
15-->src/main/AndroidManifest.xml:7:22-78
16    <!-- android:usesCleartextTraffic="true" -->
17
18
19    <!-- Define ACCESS_COARSE_LOCATION if you will use enableHighAccuracy=false -->
20    <uses-permission android:name="android.permission.ACCESS_COARSE_LOCATION" />
20-->src/main/AndroidManifest.xml:11:5-80
20-->src/main/AndroidManifest.xml:11:22-78
21    <uses-permission android:name="android.permission.WAKE_LOCK" />
21-->[:react-native-firebase_messaging] AndroidManifest.xml:10:5-68
21-->[:react-native-firebase_messaging] AndroidManifest.xml:10:22-65
22    <uses-permission android:name="android.permission.ACCESS_NETWORK_STATE" />
22-->[:react-native-firebase_messaging] AndroidManifest.xml:11:5-79
22-->[:react-native-firebase_messaging] AndroidManifest.xml:11:22-76
23    <uses-permission android:name="android.permission.USE_BIOMETRIC" />
23-->[:react-native-sensitive-info] AndroidManifest.xml:9:5-72
23-->[:react-native-sensitive-info] AndroidManifest.xml:9:22-69
24    <uses-permission android:name="android.permission.USE_FINGERPRINT" /> <!-- Required by older versions of Google Play services to create IID tokens -->
24-->[:react-native-sensitive-info] AndroidManifest.xml:10:5-74
24-->[:react-native-sensitive-info] AndroidManifest.xml:10:22-71
25    <uses-permission android:name="com.google.android.c2dm.permission.RECEIVE" />
25-->[com.google.android.gms:play-services-iid:17.0.0] AndroidManifest.xml:23:5-82
25-->[com.google.android.gms:play-services-iid:17.0.0] AndroidManifest.xml:23:22-79
26
27    <uses-feature
27-->[com.google.android.gms:play-services-maps:18.0.2] AndroidManifest.xml:26:5-28:35
28        android:glEsVersion="0x00020000"
28-->[com.google.android.gms:play-services-maps:18.0.2] AndroidManifest.xml:27:9-41
29        android:required="true" />
29-->[com.google.android.gms:play-services-maps:18.0.2] AndroidManifest.xml:28:9-32
30
31    <queries>
31-->[com.google.android.gms:play-services-maps:18.0.2] AndroidManifest.xml:30:5-34:15
32
33        <!-- Needs to be explicitly declared on Android R+ -->
34        <package android:name="com.google.android.apps.maps" />
34-->[com.google.android.gms:play-services-maps:18.0.2] AndroidManifest.xml:33:9-64
34-->[com.google.android.gms:play-services-maps:18.0.2] AndroidManifest.xml:33:18-61
35    </queries>
36
37    <uses-permission android:name="android.permission.POST_NOTIFICATIONS" />
37-->[com.google.firebase:firebase-messaging:23.1.2] AndroidManifest.xml:25:5-77
37-->[com.google.firebase:firebase-messaging:23.1.2] AndroidManifest.xml:25:22-74
38    <uses-permission android:name="android.permission.FOREGROUND_SERVICE" />
38-->[androidx.work:work-runtime:2.7.1] AndroidManifest.xml:28:5-77
38-->[androidx.work:work-runtime:2.7.1] AndroidManifest.xml:28:22-74
39    <uses-permission android:name="com.google.android.finsky.permission.BIND_GET_INSTALL_REFERRER_SERVICE" /> <!-- for android -->
39-->[com.android.installreferrer:installreferrer:1.1.2] AndroidManifest.xml:9:5-110
39-->[com.android.installreferrer:installreferrer:1.1.2] AndroidManifest.xml:9:22-107
40    <!-- <uses-permission android:name="com.android.launcher.permission.READ_SETTINGS"/> -->
41    <!-- <uses-permission android:name="com.android.launcher.permission.WRITE_SETTINGS"/> -->
42    <!-- <uses-permission android:name="com.android.launcher.permission.INSTALL_SHORTCUT" /> -->
43    <!-- <uses-permission android:name="com.android.launcher.permission.UNINSTALL_SHORTCUT" /> -->
44    <!-- for Samsung -->
45    <uses-permission android:name="com.sec.android.provider.badge.permission.READ" />
45-->[me.leolin:ShortcutBadger:1.1.22] AndroidManifest.xml:19:5-86
45-->[me.leolin:ShortcutBadger:1.1.22] AndroidManifest.xml:19:22-83
46    <uses-permission android:name="com.sec.android.provider.badge.permission.WRITE" /> <!-- for htc -->
46-->[me.leolin:ShortcutBadger:1.1.22] AndroidManifest.xml:20:5-87
46-->[me.leolin:ShortcutBadger:1.1.22] AndroidManifest.xml:20:22-84
47    <uses-permission android:name="com.htc.launcher.permission.READ_SETTINGS" />
47-->[me.leolin:ShortcutBadger:1.1.22] AndroidManifest.xml:23:5-81
47-->[me.leolin:ShortcutBadger:1.1.22] AndroidManifest.xml:23:22-78
48    <uses-permission android:name="com.htc.launcher.permission.UPDATE_SHORTCUT" /> <!-- for sony -->
48-->[me.leolin:ShortcutBadger:1.1.22] AndroidManifest.xml:24:5-83
48-->[me.leolin:ShortcutBadger:1.1.22] AndroidManifest.xml:24:22-80
49    <uses-permission android:name="com.sonyericsson.home.permission.BROADCAST_BADGE" />
49-->[me.leolin:ShortcutBadger:1.1.22] AndroidManifest.xml:27:5-88
49-->[me.leolin:ShortcutBadger:1.1.22] AndroidManifest.xml:27:22-85
50    <uses-permission android:name="com.sonymobile.home.permission.PROVIDER_INSERT_BADGE" /> <!-- for apex -->
50-->[me.leolin:ShortcutBadger:1.1.22] AndroidManifest.xml:28:5-92
50-->[me.leolin:ShortcutBadger:1.1.22] AndroidManifest.xml:28:22-89
51    <uses-permission android:name="com.anddoes.launcher.permission.UPDATE_COUNT" /> <!-- for solid -->
51-->[me.leolin:ShortcutBadger:1.1.22] AndroidManifest.xml:31:5-84
51-->[me.leolin:ShortcutBadger:1.1.22] AndroidManifest.xml:31:22-81
52    <uses-permission android:name="com.majeur.launcher.permission.UPDATE_BADGE" /> <!-- for huawei -->
52-->[me.leolin:ShortcutBadger:1.1.22] AndroidManifest.xml:34:5-83
52-->[me.leolin:ShortcutBadger:1.1.22] AndroidManifest.xml:34:22-80
53    <uses-permission android:name="com.huawei.android.launcher.permission.CHANGE_BADGE" />
53-->[me.leolin:ShortcutBadger:1.1.22] AndroidManifest.xml:37:5-91
53-->[me.leolin:ShortcutBadger:1.1.22] AndroidManifest.xml:37:22-88
54    <uses-permission android:name="com.huawei.android.launcher.permission.READ_SETTINGS" />
54-->[me.leolin:ShortcutBadger:1.1.22] AndroidManifest.xml:38:5-92
54-->[me.leolin:ShortcutBadger:1.1.22] AndroidManifest.xml:38:22-89
55    <uses-permission android:name="com.huawei.android.launcher.permission.WRITE_SETTINGS" /> <!-- for ZUK -->
55-->[me.leolin:ShortcutBadger:1.1.22] AndroidManifest.xml:39:5-93
55-->[me.leolin:ShortcutBadger:1.1.22] AndroidManifest.xml:39:22-90
56    <uses-permission android:name="android.permission.READ_APP_BADGE" /> <!-- for OPPO -->
56-->[me.leolin:ShortcutBadger:1.1.22] AndroidManifest.xml:42:5-73
56-->[me.leolin:ShortcutBadger:1.1.22] AndroidManifest.xml:42:22-70
57    <uses-permission android:name="com.oppo.launcher.permission.READ_SETTINGS" />
57-->[me.leolin:ShortcutBadger:1.1.22] AndroidManifest.xml:45:5-82
57-->[me.leolin:ShortcutBadger:1.1.22] AndroidManifest.xml:45:22-79
58    <uses-permission android:name="com.oppo.launcher.permission.WRITE_SETTINGS" /> <!-- for EvMe -->
58-->[me.leolin:ShortcutBadger:1.1.22] AndroidManifest.xml:46:5-83
58-->[me.leolin:ShortcutBadger:1.1.22] AndroidManifest.xml:46:22-80
59    <uses-permission android:name="me.everything.badger.permission.BADGE_COUNT_READ" />
59-->[me.leolin:ShortcutBadger:1.1.22] AndroidManifest.xml:49:5-88
59-->[me.leolin:ShortcutBadger:1.1.22] AndroidManifest.xml:49:22-85
60    <uses-permission android:name="me.everything.badger.permission.BADGE_COUNT_WRITE" />
60-->[me.leolin:ShortcutBadger:1.1.22] AndroidManifest.xml:50:5-89
60-->[me.leolin:ShortcutBadger:1.1.22] AndroidManifest.xml:50:22-86
61
62    <application
62-->src/main/AndroidManifest.xml:12:5-71:19
63        android:name="com.makfydriver.MainApplication"
63-->src/main/AndroidManifest.xml:13:7-38
64        android:allowBackup="false"
64-->src/main/AndroidManifest.xml:17:7-34
65        android:appComponentFactory="androidx.core.app.CoreComponentFactory"
65-->[androidx.core:core:1.7.0] AndroidManifest.xml:24:18-86
66        android:icon="@mipmap/ic_launcher"
66-->src/main/AndroidManifest.xml:15:7-41
67        android:label="@string/app_name"
67-->src/main/AndroidManifest.xml:14:7-39
68        android:roundIcon="@mipmap/ic_launcher_round"
68-->src/main/AndroidManifest.xml:16:7-52
69        android:theme="@style/AppTheme" >
69-->src/main/AndroidManifest.xml:18:7-38
70        <activity
70-->src/main/AndroidManifest.xml:20:7-32:18
71            android:name="com.makfydriver.MainActivity"
71-->src/main/AndroidManifest.xml:21:9-37
72            android:configChanges="keyboard|keyboardHidden|orientation|screenLayout|screenSize|smallestScreenSize|uiMode"
72-->src/main/AndroidManifest.xml:23:9-118
73            android:exported="true"
73-->src/main/AndroidManifest.xml:25:9-32
74            android:label="@string/app_name"
74-->src/main/AndroidManifest.xml:22:9-41
75            android:launchMode="singleTask"
75-->src/main/AndroidManifest.xml:24:9-40
76            android:screenOrientation="portrait" >
76-->src/main/AndroidManifest.xml:26:9-45
77            <intent-filter>
77-->src/main/AndroidManifest.xml:28:9-31:25
78                <action android:name="android.intent.action.MAIN" />
78-->src/main/AndroidManifest.xml:29:13-65
78-->src/main/AndroidManifest.xml:29:21-62
79
80                <category android:name="android.intent.category.LAUNCHER" />
80-->src/main/AndroidManifest.xml:30:13-73
80-->src/main/AndroidManifest.xml:30:23-70
81            </intent-filter>
82        </activity>
83
84        <!-- You will only need to add this meta-data tag, but make sure it's a child of application -->
85        <meta-data
85-->src/main/AndroidManifest.xml:35:7-37:66
86            android:name="com.google.android.geo.API_KEY"
86-->src/main/AndroidManifest.xml:36:9-54
87            android:value="AIzaSyDYF1QW7y4z2m16F2_ZwuLGvzCopJOQkAg" />
87-->src/main/AndroidManifest.xml:37:9-64
88
89        <!-- .......notification....... -->
90        <!-- Change the value to true to enable pop-up for in foreground on receiving remote notifications (for prevent duplicating while showing local notifications set this to false) -->
91        <meta-data
91-->src/main/AndroidManifest.xml:41:9-42:43
92            android:name="com.dieam.reactnativepushnotification.notification_foreground"
92-->src/main/AndroidManifest.xml:41:21-97
93            android:value="true" />
93-->src/main/AndroidManifest.xml:42:21-41
94        <!-- Change the resource name to your App's accent color - or any other color you want -->
95        <!--
96             <meta-data  android:name="com.dieam.reactnativepushnotification.notification_color"
97                    android:resource="@color/white"/> or @android:color/{name} to use a standard color
98        -->
99
100        <receiver
100-->src/main/AndroidManifest.xml:47:9-49:99
101            android:name="com.dieam.reactnativepushnotification.modules.RNPushNotificationActions"
101-->src/main/AndroidManifest.xml:49:10-96
102            android:exported="false" />
102-->src/main/AndroidManifest.xml:48:9-33
103        <receiver
103-->src/main/AndroidManifest.xml:50:9-52:100
104            android:name="com.dieam.reactnativepushnotification.modules.RNPushNotificationPublisher"
104-->src/main/AndroidManifest.xml:52:9-97
105            android:exported="false" />
105-->src/main/AndroidManifest.xml:51:9-33
106        <receiver
106-->src/main/AndroidManifest.xml:53:9-61:20
107            android:name="com.dieam.reactnativepushnotification.modules.RNPushNotificationBootEventReceiver"
107-->src/main/AndroidManifest.xml:55:10-106
108            android:exported="false" >
108-->src/main/AndroidManifest.xml:54:9-33
109            <intent-filter>
109-->src/main/AndroidManifest.xml:56:13-60:29
110                <action android:name="android.intent.action.BOOT_COMPLETED" />
110-->src/main/AndroidManifest.xml:57:17-79
110-->src/main/AndroidManifest.xml:57:25-76
111                <action android:name="android.intent.action.QUICKBOOT_POWERON" />
111-->src/main/AndroidManifest.xml:58:17-82
111-->src/main/AndroidManifest.xml:58:25-79
112                <action android:name="com.htc.intent.action.QUICKBOOT_POWERON" />
112-->src/main/AndroidManifest.xml:59:17-81
112-->src/main/AndroidManifest.xml:59:25-79
113            </intent-filter>
114        </receiver>
115
116        <service
116-->src/main/AndroidManifest.xml:63:9-69:19
117            android:name="com.dieam.reactnativepushnotification.modules.RNPushNotificationListenerService"
117-->src/main/AndroidManifest.xml:64:13-107
118            android:exported="false" >
118-->src/main/AndroidManifest.xml:65:13-37
119            <intent-filter>
119-->src/main/AndroidManifest.xml:66:13-68:29
120                <action android:name="com.google.firebase.MESSAGING_EVENT" />
120-->src/main/AndroidManifest.xml:67:17-78
120-->src/main/AndroidManifest.xml:67:25-75
121            </intent-filter>
122        </service>
123        <service
123-->[:react-native-firebase_messaging] AndroidManifest.xml:14:9-16:40
124            android:name="io.invertase.firebase.messaging.ReactNativeFirebaseMessagingHeadlessService"
124-->[:react-native-firebase_messaging] AndroidManifest.xml:15:13-103
125            android:exported="false" />
125-->[:react-native-firebase_messaging] AndroidManifest.xml:16:13-37
126        <service
126-->[:react-native-firebase_messaging] AndroidManifest.xml:17:9-23:19
127            android:name="io.invertase.firebase.messaging.ReactNativeFirebaseMessagingService"
127-->[:react-native-firebase_messaging] AndroidManifest.xml:18:13-95
128            android:exported="false" >
128-->[:react-native-firebase_messaging] AndroidManifest.xml:19:13-37
129            <intent-filter>
129-->src/main/AndroidManifest.xml:66:13-68:29
130                <action android:name="com.google.firebase.MESSAGING_EVENT" />
130-->src/main/AndroidManifest.xml:67:17-78
130-->src/main/AndroidManifest.xml:67:25-75
131            </intent-filter>
132        </service>
133
134        <receiver
134-->[:react-native-firebase_messaging] AndroidManifest.xml:25:9-32:20
135            android:name="io.invertase.firebase.messaging.ReactNativeFirebaseMessagingReceiver"
135-->[:react-native-firebase_messaging] AndroidManifest.xml:26:13-96
136            android:exported="true"
136-->[:react-native-firebase_messaging] AndroidManifest.xml:27:13-36
137            android:permission="com.google.android.c2dm.permission.SEND" >
137-->[:react-native-firebase_messaging] AndroidManifest.xml:28:13-73
138            <intent-filter>
138-->[:react-native-firebase_messaging] AndroidManifest.xml:29:13-31:29
139                <action android:name="com.google.android.c2dm.intent.RECEIVE" />
139-->[:react-native-firebase_messaging] AndroidManifest.xml:30:17-81
139-->[:react-native-firebase_messaging] AndroidManifest.xml:30:25-78
140            </intent-filter>
141        </receiver>
142
143        <meta-data
143-->[:react-native-firebase_messaging] AndroidManifest.xml:34:9-36:36
144            android:name="firebase_messaging_auto_init_enabled"
144-->[:react-native-firebase_messaging] AndroidManifest.xml:35:13-64
145            android:value="true" />
145-->[:react-native-firebase_messaging] AndroidManifest.xml:36:13-33
146        <meta-data
146-->[:react-native-firebase_messaging] AndroidManifest.xml:37:9-39:32
147            android:name="com.google.firebase.messaging.default_notification_channel_id"
147-->[:react-native-firebase_messaging] AndroidManifest.xml:38:13-89
148            android:value="" />
148-->[:react-native-firebase_messaging] AndroidManifest.xml:39:13-29
149        <meta-data
149-->[:react-native-firebase_messaging] AndroidManifest.xml:40:9-42:47
150            android:name="com.google.firebase.messaging.default_notification_color"
150-->[:react-native-firebase_messaging] AndroidManifest.xml:41:13-84
151            android:resource="@color/white" />
151-->[:react-native-firebase_messaging] AndroidManifest.xml:42:13-44
152        <meta-data
152-->[:react-native-firebase_app] AndroidManifest.xml:11:9-13:36
153            android:name="app_data_collection_default_enabled"
153-->[:react-native-firebase_app] AndroidManifest.xml:12:13-63
154            android:value="true" />
154-->[:react-native-firebase_app] AndroidManifest.xml:13:13-33
155
156        <service
156-->[:react-native-firebase_app] AndroidManifest.xml:15:9-23:19
157            android:name="com.google.firebase.components.ComponentDiscoveryService"
157-->[:react-native-firebase_app] AndroidManifest.xml:16:13-84
158            android:directBootAware="true"
158-->[:react-native-firebase_app] AndroidManifest.xml:17:13-43
159            android:exported="false" >
159-->[:react-native-firebase_app] AndroidManifest.xml:18:13-37
160            <meta-data
160-->[:react-native-firebase_app] AndroidManifest.xml:20:13-22:85
161                android:name="com.google.firebase.components:io.invertase.firebase.app.ReactNativeFirebaseAppRegistrar"
161-->[:react-native-firebase_app] AndroidManifest.xml:21:17-120
162                android:value="com.google.firebase.components.ComponentRegistrar" />
162-->[:react-native-firebase_app] AndroidManifest.xml:22:17-82
163            <meta-data
163-->[com.google.firebase:firebase-messaging:23.1.2] AndroidManifest.xml:55:13-57:85
164                android:name="com.google.firebase.components:com.google.firebase.messaging.FirebaseMessagingRegistrar"
164-->[com.google.firebase:firebase-messaging:23.1.2] AndroidManifest.xml:56:17-119
165                android:value="com.google.firebase.components.ComponentRegistrar" />
165-->[com.google.firebase:firebase-messaging:23.1.2] AndroidManifest.xml:57:17-82
166            <meta-data
166-->[com.google.firebase:firebase-datatransport:18.1.7] AndroidManifest.xml:27:13-29:85
167                android:name="com.google.firebase.components:com.google.firebase.datatransport.TransportRegistrar"
167-->[com.google.firebase:firebase-datatransport:18.1.7] AndroidManifest.xml:28:17-115
168                android:value="com.google.firebase.components.ComponentRegistrar" />
168-->[com.google.firebase:firebase-datatransport:18.1.7] AndroidManifest.xml:29:17-82
169            <meta-data
169-->[com.google.firebase:firebase-installations:17.1.3] AndroidManifest.xml:17:13-19:85
170                android:name="com.google.firebase.components:com.google.firebase.installations.FirebaseInstallationsRegistrar"
170-->[com.google.firebase:firebase-installations:17.1.3] AndroidManifest.xml:18:17-127
171                android:value="com.google.firebase.components.ComponentRegistrar" />
171-->[com.google.firebase:firebase-installations:17.1.3] AndroidManifest.xml:19:17-82
172        </service>
173
174        <provider
174-->[:react-native-firebase_app] AndroidManifest.xml:25:9-29:38
175            android:name="io.invertase.firebase.app.ReactNativeFirebaseAppInitProvider"
175-->[:react-native-firebase_app] AndroidManifest.xml:26:13-88
176            android:authorities="com.makfydriver.reactnativefirebaseappinitprovider"
176-->[:react-native-firebase_app] AndroidManifest.xml:27:13-86
177            android:exported="false"
177-->[:react-native-firebase_app] AndroidManifest.xml:28:13-37
178            android:initOrder="99" />
178-->[:react-native-firebase_app] AndroidManifest.xml:29:13-35
179        <provider
179-->[:react-native-image-picker] AndroidManifest.xml:10:9-18:20
180            android:name="com.imagepicker.ImagePickerProvider"
180-->[:react-native-image-picker] AndroidManifest.xml:11:13-63
181            android:authorities="com.makfydriver.imagepickerprovider"
181-->[:react-native-image-picker] AndroidManifest.xml:12:13-71
182            android:exported="false"
182-->[:react-native-image-picker] AndroidManifest.xml:13:13-37
183            android:grantUriPermissions="true" >
183-->[:react-native-image-picker] AndroidManifest.xml:14:13-47
184            <meta-data
184-->[:react-native-image-picker] AndroidManifest.xml:15:13-17:70
185                android:name="android.support.FILE_PROVIDER_PATHS"
185-->[:react-native-image-picker] AndroidManifest.xml:16:17-67
186                android:resource="@xml/imagepicker_provider_paths" />
186-->[:react-native-image-picker] AndroidManifest.xml:17:17-67
187        </provider>
188        <provider
188-->[:react-native-share] AndroidManifest.xml:10:9-18:20
189            android:name="cl.json.RNShareFileProvider"
189-->[:react-native-share] AndroidManifest.xml:11:13-55
190            android:authorities="com.makfydriver.rnshare.fileprovider"
190-->[:react-native-share] AndroidManifest.xml:12:13-72
191            android:exported="false"
191-->[:react-native-share] AndroidManifest.xml:13:13-37
192            android:grantUriPermissions="true" >
192-->[:react-native-share] AndroidManifest.xml:14:13-47
193            <meta-data
193-->[:react-native-image-picker] AndroidManifest.xml:15:13-17:70
194                android:name="android.support.FILE_PROVIDER_PATHS"
194-->[:react-native-image-picker] AndroidManifest.xml:16:17-67
195                android:resource="@xml/share_download_paths" />
195-->[:react-native-image-picker] AndroidManifest.xml:17:17-67
196        </provider>
197
198        <activity
198-->[androidx.biometric:biometric:1.0.1] AndroidManifest.xml:28:9-31:67
199            android:name="androidx.biometric.DeviceCredentialHandlerActivity"
199-->[androidx.biometric:biometric:1.0.1] AndroidManifest.xml:29:13-78
200            android:exported="true"
200-->[androidx.biometric:biometric:1.0.1] AndroidManifest.xml:30:13-36
201            android:theme="@style/DeviceCredentialHandlerTheme" />
201-->[androidx.biometric:biometric:1.0.1] AndroidManifest.xml:31:13-64
202        <activity
202-->[com.google.android.gms:play-services-auth:20.3.0] AndroidManifest.xml:23:9-27:75
203            android:name="com.google.android.gms.auth.api.signin.internal.SignInHubActivity"
203-->[com.google.android.gms:play-services-auth:20.3.0] AndroidManifest.xml:24:13-93
204            android:excludeFromRecents="true"
204-->[com.google.android.gms:play-services-auth:20.3.0] AndroidManifest.xml:25:13-46
205            android:exported="false"
205-->[com.google.android.gms:play-services-auth:20.3.0] AndroidManifest.xml:26:13-37
206            android:theme="@android:style/Theme.Translucent.NoTitleBar" />
206-->[com.google.android.gms:play-services-auth:20.3.0] AndroidManifest.xml:27:13-72
207        <!--
208            Service handling Google Sign-In user revocation. For apps that do not integrate with
209            Google Sign-In, this service will never be started.
210        -->
211        <service
211-->[com.google.android.gms:play-services-auth:20.3.0] AndroidManifest.xml:33:9-37:51
212            android:name="com.google.android.gms.auth.api.signin.RevocationBoundService"
212-->[com.google.android.gms:play-services-auth:20.3.0] AndroidManifest.xml:34:13-89
213            android:exported="true"
213-->[com.google.android.gms:play-services-auth:20.3.0] AndroidManifest.xml:35:13-36
214            android:permission="com.google.android.gms.auth.api.signin.permission.REVOCATION_NOTIFICATION"
214-->[com.google.android.gms:play-services-auth:20.3.0] AndroidManifest.xml:36:13-107
215            android:visibleToInstantApps="true" /> <!-- Needs to be explicitly declared on P+ -->
215-->[com.google.android.gms:play-services-auth:20.3.0] AndroidManifest.xml:37:13-48
216        <uses-library
216-->[com.google.android.gms:play-services-maps:18.0.2] AndroidManifest.xml:39:9-41:40
217            android:name="org.apache.http.legacy"
217-->[com.google.android.gms:play-services-maps:18.0.2] AndroidManifest.xml:40:13-50
218            android:required="false" />
218-->[com.google.android.gms:play-services-maps:18.0.2] AndroidManifest.xml:41:13-37
219
220        <receiver
220-->[com.google.firebase:firebase-messaging:23.1.2] AndroidManifest.xml:31:9-38:20
221            android:name="com.google.firebase.iid.FirebaseInstanceIdReceiver"
221-->[com.google.firebase:firebase-messaging:23.1.2] AndroidManifest.xml:32:13-78
222            android:exported="true"
222-->[com.google.firebase:firebase-messaging:23.1.2] AndroidManifest.xml:33:13-36
223            android:permission="com.google.android.c2dm.permission.SEND" >
223-->[com.google.firebase:firebase-messaging:23.1.2] AndroidManifest.xml:34:13-73
224            <intent-filter>
224-->[:react-native-firebase_messaging] AndroidManifest.xml:29:13-31:29
225                <action android:name="com.google.android.c2dm.intent.RECEIVE" />
225-->[:react-native-firebase_messaging] AndroidManifest.xml:30:17-81
225-->[:react-native-firebase_messaging] AndroidManifest.xml:30:25-78
226            </intent-filter>
227        </receiver>
228        <!--
229             FirebaseMessagingService performs security checks at runtime,
230             but set to not exported to explicitly avoid allowing another app to call it.
231        -->
232        <service
232-->[com.google.firebase:firebase-messaging:23.1.2] AndroidManifest.xml:44:9-51:19
233            android:name="com.google.firebase.messaging.FirebaseMessagingService"
233-->[com.google.firebase:firebase-messaging:23.1.2] AndroidManifest.xml:45:13-82
234            android:directBootAware="true"
234-->[com.google.firebase:firebase-messaging:23.1.2] AndroidManifest.xml:46:13-43
235            android:exported="false" >
235-->[com.google.firebase:firebase-messaging:23.1.2] AndroidManifest.xml:47:13-37
236            <intent-filter android:priority="-500" >
236-->src/main/AndroidManifest.xml:66:13-68:29
237                <action android:name="com.google.firebase.MESSAGING_EVENT" />
237-->src/main/AndroidManifest.xml:67:17-78
237-->src/main/AndroidManifest.xml:67:25-75
238            </intent-filter>
239        </service>
240
241        <activity
241-->[com.google.android.gms:play-services-base:18.1.0] AndroidManifest.xml:20:9-22:45
242            android:name="com.google.android.gms.common.api.GoogleApiActivity"
242-->[com.google.android.gms:play-services-base:18.1.0] AndroidManifest.xml:20:19-85
243            android:exported="false"
243-->[com.google.android.gms:play-services-base:18.1.0] AndroidManifest.xml:22:19-43
244            android:theme="@android:style/Theme.Translucent.NoTitleBar" />
244-->[com.google.android.gms:play-services-base:18.1.0] AndroidManifest.xml:21:19-78
245
246        <provider
246-->[com.google.firebase:firebase-common:20.3.2] AndroidManifest.xml:25:9-30:39
247            android:name="com.google.firebase.provider.FirebaseInitProvider"
247-->[com.google.firebase:firebase-common:20.3.2] AndroidManifest.xml:26:13-77
248            android:authorities="com.makfydriver.firebaseinitprovider"
248-->[com.google.firebase:firebase-common:20.3.2] AndroidManifest.xml:27:13-72
249            android:directBootAware="true"
249-->[com.google.firebase:firebase-common:20.3.2] AndroidManifest.xml:28:13-43
250            android:exported="false"
250-->[com.google.firebase:firebase-common:20.3.2] AndroidManifest.xml:29:13-37
251            android:initOrder="100" />
251-->[com.google.firebase:firebase-common:20.3.2] AndroidManifest.xml:30:13-36
252
253        <meta-data
253-->[com.google.android.gms:play-services-basement:18.1.0] AndroidManifest.xml:21:9-23:69
254            android:name="com.google.android.gms.version"
254-->[com.google.android.gms:play-services-basement:18.1.0] AndroidManifest.xml:22:13-58
255            android:value="@integer/google_play_services_version" />
255-->[com.google.android.gms:play-services-basement:18.1.0] AndroidManifest.xml:23:13-66
256
257        <provider
257-->[androidx.work:work-runtime:2.7.1] AndroidManifest.xml:31:9-39:20
258            android:name="androidx.startup.InitializationProvider"
258-->[androidx.work:work-runtime:2.7.1] AndroidManifest.xml:32:13-67
259            android:authorities="com.makfydriver.androidx-startup"
259-->[androidx.work:work-runtime:2.7.1] AndroidManifest.xml:33:13-68
260            android:exported="false" >
260-->[androidx.work:work-runtime:2.7.1] AndroidManifest.xml:34:13-37
261            <meta-data
261-->[androidx.work:work-runtime:2.7.1] AndroidManifest.xml:36:13-38:52
262                android:name="androidx.work.WorkManagerInitializer"
262-->[androidx.work:work-runtime:2.7.1] AndroidManifest.xml:37:17-68
263                android:value="androidx.startup" />
263-->[androidx.work:work-runtime:2.7.1] AndroidManifest.xml:38:17-49
264            <meta-data
264-->[androidx.emoji2:emoji2:1.0.0] AndroidManifest.xml:31:13-33:52
265                android:name="androidx.emoji2.text.EmojiCompatInitializer"
265-->[androidx.emoji2:emoji2:1.0.0] AndroidManifest.xml:32:17-75
266                android:value="androidx.startup" />
266-->[androidx.emoji2:emoji2:1.0.0] AndroidManifest.xml:33:17-49
267            <meta-data
267-->[androidx.lifecycle:lifecycle-process:2.4.0] AndroidManifest.xml:31:13-33:52
268                android:name="androidx.lifecycle.ProcessLifecycleInitializer"
268-->[androidx.lifecycle:lifecycle-process:2.4.0] AndroidManifest.xml:32:17-78
269                android:value="androidx.startup" />
269-->[androidx.lifecycle:lifecycle-process:2.4.0] AndroidManifest.xml:33:17-49
270        </provider>
271
272        <service
272-->[androidx.work:work-runtime:2.7.1] AndroidManifest.xml:41:9-46:35
273            android:name="androidx.work.impl.background.systemalarm.SystemAlarmService"